#
# There is insufficient memory for the Java Runtime Environment to continue.
# Native memory allocation (malloc) failed to allocate 32744 bytes for ChunkPool::allocate
# Possible reasons:
#   The system is out of physical RAM or swap space
#   The process is running with CompressedOops enabled, and the Java Heap may be blocking the growth of the native heap
# Possible solutions:
#   Reduce memory load on the system
#   Increase physical memory or swap space
#   Check if swap backing store is full
#   Decrease Java heap size (-Xmx/-Xms)
#   Decrease number of Java threads
#   Decrease Java thread stack sizes (-Xss)
#   Set larger code cache with -XX:ReservedCodeCacheSize=
#   JVM is running with Unscaled Compressed Oops mode in which the Java heap is
#     placed in the first 4GB address space. The Java Heap base address is the
#     maximum limit for the native heap growth. Please use -XX:HeapBaseMinAddress
#     to set the Java Heap base and to place the Java Heap above 4GB virtual address.
# This output file may be truncated or incomplete.
#
#  Out of Memory Error (arena.cpp:79), pid=27444, tid=25564
#
# JRE version: OpenJDK Runtime Environment JBR-17.0.10+1-1207.14-jcef (17.0.10+1) (build 17.0.10+1-b1207.14)
# Java VM: OpenJDK 64-Bit Server VM JBR-17.0.10+1-1207.14-jcef (17.0.10+1-b1207.14, mixed mode, tiered, compressed oops, compressed class ptrs, g1 gc, windows-amd64)
# No core dump will be written. Minidumps are not enabled by default on client versions of Windows
#

---------------  S U M M A R Y ------------

Command Line: -Djava.rmi.server.hostname=127.0.0.1 -Duser.timezone=UTC -Xmx2048m -Xms128m -Djdbc.classpath=C:\Program Files\JetBrains\IntelliJ IDEA 2024.1.1\plugins\DatabaseTools\lib\jdbc-console.jar;C:\Users\angel\AppData\Roaming\JetBrains\IntelliJIdea2024.1\jdbc-drivers\Apache Derby\10.16.1.1\org\apache\derby\derby\10.16.1.1\derby-10.16.1.1.jar;C:\Users\angel\AppData\Roaming\JetBrains\IntelliJIdea2024.1\jdbc-drivers\Apache Derby\10.16.1.1\org\apache\derby\derbyshared\10.16.1.1\derbyshared-10.16.1.1.jar;C:\Users\angel\AppData\Roaming\JetBrains\IntelliJIdea2024.1\jdbc-drivers\Apache Derby\10.16.1.1\org\apache\derby\derbyclient\10.16.1.1\derbyclient-10.16.1.1.jar;C:\Users\angel\AppData\Roaming\JetBrains\IntelliJIdea2024.1\jdbc-drivers\Apache Derby\10.16.1.1\org\apache\derby\derbytools\10.16.1.1\derbytools-10.16.1.1.jar;C:\Users\angel\AppData\Roaming\JetBrains\IntelliJIdea2024.1\jdbc-drivers\Apache Derby\10.16.1.1\org\apache\derby\derbyoptionaltools\10.16.1.1\derbyoptionaltools-10.16.1.1.jar;C:\Users\angel\AppData\Roaming\JetBrains\IntelliJIdea2024.1\jdbc-drivers\Apache Derby\10.16.1.1\org\apache\derby\derbynet\10.16.1.1\derbynet-10.16.1.1.jar --add-exports=java.desktop/sun.awt=ALL-UNNAMED --add-exports=java.desktop/java.awt.peer=ALL-UNNAMED --add-opens=java.desktop/java.awt=ALL-UNNAMED --add-opens=jdk.unsupported/sun.misc=ALL-UNNAMED --add-opens=java.base/java.nio=ALL-UNNAMED --add-opens=java.base/java.util=ALL-UNNAMED -Dfile.encoding=UTF-8 com.intellij.database.remote.RemoteJdbcServer org.apache.derby.jdbc.EmbeddedDriver

Host: 12th Gen Intel(R) Core(TM) i7-12650H, 16 cores, 15G,  Windows 11 , 64 bit Build 22621 (10.0.22621.3958)
Time: Tue Oct 22 22:34:39 2024 Hora de verano romance elapsed time: 1.042172 seconds (0d 0h 0m 1s)

---------------  T H R E A D  ---------------

Current thread (0x00000118d127c9c0):  JavaThread "C1 CompilerThread0" daemon [_thread_in_vm, id=25564, stack(0x0000000482500000,0x0000000482600000)]


Current CompileTask:
C1:   1042 1421       1       jdk.internal.jimage.decompressor.CompressedResourceHeader::getSize (3 bytes)

Stack: [0x0000000482500000,0x0000000482600000]
Native frames: (J=compiled Java code, j=interpreted, Vv=VM code, C=native code)
V  [jvm.dll+0x687989]
V  [jvm.dll+0x84116a]
V  [jvm.dll+0x842dae]
V  [jvm.dll+0x843413]
V  [jvm.dll+0x249ccf]
V  [jvm.dll+0xac721]
V  [jvm.dll+0xacb6c]
V  [jvm.dll+0x1d6d2b]
V  [jvm.dll+0x1c3fd5]
V  [jvm.dll+0x22aa82]
V  [jvm.dll+0x228db5]
V  [jvm.dll+0x7f5417]
V  [jvm.dll+0x7ef81a]
V  [jvm.dll+0x686805]
C  [ucrtbase.dll+0x29333]
C  [KERNEL32.DLL+0x1257d]
C  [ntdll.dll+0x5af08]


---------------  P R O C E S S  ---------------

Threads class SMR info:
_java_thread_list=0x00000118d67f7cc0, length=28, elements={
0x00000118b6431c20, 0x00000118d1228450, 0x00000118d12290e0, 0x00000118d1275020,
0x00000118d12758f0, 0x00000118d12782d0, 0x00000118d127b350, 0x00000118d127c000,
0x00000118d127c9c0, 0x00000118d127fa80, 0x00000118d13d5790, 0x00000118d13dc740,
0x00000118d14403b0, 0x00000118d1440890, 0x00000118d1433a80, 0x00000118d157ee80,
0x00000118d191eee0, 0x00000118d1bf52e0, 0x00000118d1bec9d0, 0x00000118d1beceb0,
0x00000118d174b430, 0x00000118d1c74100, 0x00000118d1c75540, 0x00000118d1c75f60,
0x00000118d1c75030, 0x00000118d1c75a50, 0x00000118d1c76470, 0x00000118d1c73bf0
}

Java Threads: ( => current thread )
  0x00000118b6431c20 JavaThread "main" [_thread_blocked, id=5680, stack(0x0000000481700000,0x0000000481800000)]
  0x00000118d1228450 JavaThread "Reference Handler" daemon [_thread_blocked, id=13788, stack(0x0000000481e00000,0x0000000481f00000)]
  0x00000118d12290e0 JavaThread "Finalizer" daemon [_thread_blocked, id=976, stack(0x0000000481f00000,0x0000000482000000)]
  0x00000118d1275020 JavaThread "Signal Dispatcher" daemon [_thread_blocked, id=10984, stack(0x0000000482000000,0x0000000482100000)]
  0x00000118d12758f0 JavaThread "Attach Listener" daemon [_thread_blocked, id=22900, stack(0x0000000482100000,0x0000000482200000)]
  0x00000118d12782d0 JavaThread "Service Thread" daemon [_thread_blocked, id=16396, stack(0x0000000482200000,0x0000000482300000)]
  0x00000118d127b350 JavaThread "Monitor Deflation Thread" daemon [_thread_blocked, id=23996, stack(0x0000000482300000,0x0000000482400000)]
  0x00000118d127c000 JavaThread "C2 CompilerThread0" daemon [_thread_in_native, id=24612, stack(0x0000000482400000,0x0000000482500000)]
=>0x00000118d127c9c0 JavaThread "C1 CompilerThread0" daemon [_thread_in_vm, id=25564, stack(0x0000000482500000,0x0000000482600000)]
  0x00000118d127fa80 JavaThread "Sweeper thread" daemon [_thread_blocked, id=10436, stack(0x0000000482600000,0x0000000482700000)]
  0x00000118d13d5790 JavaThread "C1 CompilerThread1" daemon [_thread_blocked, id=19844, stack(0x0000000482700000,0x0000000482800000)]
  0x00000118d13dc740 JavaThread "C1 CompilerThread2" daemon [_thread_blocked, id=13260, stack(0x0000000482800000,0x0000000482900000)]
  0x00000118d14403b0 JavaThread "Common-Cleaner" daemon [_thread_blocked, id=28076, stack(0x0000000482900000,0x0000000482a00000)]
  0x00000118d1440890 JavaThread "Notification Thread" daemon [_thread_blocked, id=26864, stack(0x0000000482a00000,0x0000000482b00000)]
  0x00000118d1433a80 JavaThread "C2 CompilerThread1" daemon [_thread_blocked, id=20288, stack(0x0000000482c00000,0x0000000482d00000)]
  0x00000118d157ee80 JavaThread "C2 CompilerThread2" daemon [_thread_in_native, id=23632, stack(0x0000000482d00000,0x0000000482e00000)]
  0x00000118d191eee0 JavaThread "Timer-0" daemon [_thread_blocked, id=25880, stack(0x0000000482e00000,0x0000000482f00000)]
  0x00000118d1bf52e0 JavaThread "RMI TCP Accept-56721" daemon [_thread_in_native, id=17684, stack(0x0000000482f00000,0x0000000483000000)]
  0x00000118d1bec9d0 JavaThread "RMI TCP Accept-0" daemon [_thread_in_native, id=13112, stack(0x0000000483000000,0x0000000483100000)]
  0x00000118d1beceb0 JavaThread "RMI Reaper" [_thread_blocked, id=21136, stack(0x0000000483100000,0x0000000483200000)]
  0x00000118d174b430 JavaThread "RMI GC Daemon" daemon [_thread_blocked, id=19244, stack(0x0000000483200000,0x0000000483300000)]
  0x00000118d1c74100 JavaThread "RMI TCP Connection(1)-127.0.0.1" daemon [_thread_in_native, id=17628, stack(0x0000000483300000,0x0000000483400000)]
  0x00000118d1c75540 JavaThread "RMI TCP Connection(2)-127.0.0.1" daemon [_thread_in_native, id=14716, stack(0x0000000483400000,0x0000000483500000)]
  0x00000118d1c75f60 JavaThread "RMI TCP Connection(3)-127.0.0.1" daemon [_thread_in_native, id=8856, stack(0x0000000483500000,0x0000000483600000)]
  0x00000118d1c75030 JavaThread "RMI TCP Connection(4)-127.0.0.1" daemon [_thread_in_vm, id=24324, stack(0x0000000483600000,0x0000000483700000)]
  0x00000118d1c75a50 JavaThread "RMI Scheduler(0)" daemon [_thread_blocked, id=16000, stack(0x0000000483700000,0x0000000483800000)]
  0x00000118d1c76470 JavaThread "RMI RenewClean-[127.0.0.1:62225]" daemon [_thread_blocked, id=20832, stack(0x0000000483800000,0x0000000483900000)]
  0x00000118d1c73bf0 JavaThread "derby.rawStoreDaemon" daemon [_thread_blocked, id=14916, stack(0x0000000483900000,0x0000000483a00000)]

Other Threads:
  0x00000118d10ceb40 VMThread "VM Thread" [stack: 0x0000000481d00000,0x0000000481e00000] [id=20108]
  0x00000118d144fb00 WatcherThread [stack: 0x0000000482b00000,0x0000000482c00000] [id=14700]
  0x00000118b6490090 GCTaskThread "GC Thread#0" [stack: 0x0000000481800000,0x0000000481900000] [id=17192]
  0x00000118d1f2ed10 GCTaskThread "GC Thread#1" [stack: 0x0000000483a00000,0x0000000483b00000] [id=25872]
  0x00000118d7079c70 GCTaskThread "GC Thread#2" [stack: 0x0000000483b00000,0x0000000483c00000] [id=23280]
  0x00000118d6712210 GCTaskThread "GC Thread#3" [stack: 0x0000000483c00000,0x0000000483d00000] [id=18424]
  0x00000118d65df560 GCTaskThread "GC Thread#4" [stack: 0x0000000483d00000,0x0000000483e00000] [id=420]
  0x00000118d1c7eb80 GCTaskThread "GC Thread#5" [stack: 0x0000000483e00000,0x0000000483f00000] [id=10332]
  0x00000118d1d51350 GCTaskThread "GC Thread#6" [stack: 0x0000000483f00000,0x0000000484000000] [id=18832]
  0x00000118d6551a80 GCTaskThread "GC Thread#7" [stack: 0x0000000484000000,0x0000000484100000] [id=10312]
  0x00000118b64a0ef0 ConcurrentGCThread "G1 Main Marker" [stack: 0x0000000481900000,0x0000000481a00000] [id=17096]
  0x00000118b64a1820 ConcurrentGCThread "G1 Conc#0" [stack: 0x0000000481a00000,0x0000000481b00000] [id=20284]
  0x00000118d0f30e00 ConcurrentGCThread "G1 Refine#0" [stack: 0x0000000481b00000,0x0000000481c00000] [id=7480]
  0x00000118d0f31740 ConcurrentGCThread "G1 Service" [stack: 0x0000000481c00000,0x0000000481d00000] [id=26256]

Threads with active compile tasks:
C2 CompilerThread0     1064 1232       4       jdk.internal.org.objectweb.asm.Frame::execute (2305 bytes)
C1 CompilerThread0     1064 1421       1       jdk.internal.jimage.decompressor.CompressedResourceHeader::getSize (3 bytes)
C2 CompilerThread2     1064 1410       4       java.util.HashMap::putVal (300 bytes)

VM state: not at safepoint (normal execution)

VM Mutex/Monitor currently owned by a thread: None

Heap address: 0x0000000080000000, size: 2048 MB, Compressed Oops mode: 32-bit

CDS archive(s) not mapped
Compressed class space mapped at: 0x0000000100000000-0x0000000140000000, reserved size: 1073741824
Narrow klass base: 0x0000000000000000, Narrow klass shift: 3, Narrow klass range: 0x140000000

GC Precious Log:
 CPUs: 16 total, 16 available
 Memory: 16004M
 Large Page Support: Disabled
 NUMA Support: Disabled
 Compressed Oops: Enabled (32-bit)
 Heap Region Size: 1M
 Heap Min Capacity: 128M
 Heap Initial Capacity: 128M
 Heap Max Capacity: 2G
 Pre-touch: Disabled
 Parallel Workers: 13
 Concurrent Workers: 3
 Concurrent Refinement Workers: 13
 Periodic GC: Disabled

Heap:
 garbage-first heap   total 131072K, used 7636K [0x0000000080000000, 0x0000000100000000)
  region size 1024K, 4 young (4096K), 3 survivors (3072K)
 Metaspace       used 19090K, committed 19456K, reserved 1114112K
  class space    used 2050K, committed 2240K, reserved 1048576K

Heap Regions: E=young(eden), S=young(survivor), O=old, HS=humongous(starts), HC=humongous(continues), CS=collection set, F=free, OA=open archive, CA=closed archive, TAMS=top-at-mark-start (previous, next)
|   0|0x0000000080000000, 0x0000000080100000, 0x0000000080100000|100%|HS|  |TAMS 0x0000000080000000, 0x0000000080000000| Complete 
|   1|0x0000000080100000, 0x0000000080200000, 0x0000000080200000|100%|HC|  |TAMS 0x0000000080100000, 0x0000000080100000| Complete 
|   2|0x0000000080200000, 0x0000000080300000, 0x0000000080300000|100%|HC|  |TAMS 0x0000000080200000, 0x0000000080200000| Complete 
|   3|0x0000000080300000, 0x0000000080400000, 0x0000000080400000|100%| O|  |TAMS 0x0000000080300000, 0x0000000080300000| Untracked 
|   4|0x0000000080400000, 0x0000000080475000, 0x0000000080500000| 45%| O|  |TAMS 0x0000000080400000, 0x0000000080400000| Untracked 
|   5|0x0000000080500000, 0x0000000080500000, 0x0000000080600000|  0%| F|  |TAMS 0x0000000080500000, 0x0000000080500000| Untracked 
|   6|0x0000000080600000, 0x0000000080600000, 0x0000000080700000|  0%| F|  |TAMS 0x0000000080600000, 0x0000000080600000| Untracked 
|   7|0x0000000080700000, 0x0000000080700000, 0x0000000080800000|  0%| F|  |TAMS 0x0000000080700000, 0x0000000080700000| Untracked 
|   8|0x0000000080800000, 0x0000000080800000, 0x0000000080900000|  0%| F|  |TAMS 0x0000000080800000, 0x0000000080800000| Untracked 
|   9|0x0000000080900000, 0x0000000080900000, 0x0000000080a00000|  0%| F|  |TAMS 0x0000000080900000, 0x0000000080900000| Untracked 
|  10|0x0000000080a00000, 0x0000000080a00000, 0x0000000080b00000|  0%| F|  |TAMS 0x0000000080a00000, 0x0000000080a00000| Untracked 
|  11|0x0000000080b00000, 0x0000000080b00000, 0x0000000080c00000|  0%| F|  |TAMS 0x0000000080b00000, 0x0000000080b00000| Untracked 
|  12|0x0000000080c00000, 0x0000000080c00000, 0x0000000080d00000|  0%| F|  |TAMS 0x0000000080c00000, 0x0000000080c00000| Untracked 
|  13|0x0000000080d00000, 0x0000000080d00000, 0x0000000080e00000|  0%| F|  |TAMS 0x0000000080d00000, 0x0000000080d00000| Untracked 
|  14|0x0000000080e00000, 0x0000000080e00000, 0x0000000080f00000|  0%| F|  |TAMS 0x0000000080e00000, 0x0000000080e00000| Untracked 
|  15|0x0000000080f00000, 0x0000000080f00000, 0x0000000081000000|  0%| F|  |TAMS 0x0000000080f00000, 0x0000000080f00000| Untracked 
|  16|0x0000000081000000, 0x0000000081000000, 0x0000000081100000|  0%| F|  |TAMS 0x0000000081000000, 0x0000000081000000| Untracked 
|  17|0x0000000081100000, 0x0000000081100000, 0x0000000081200000|  0%| F|  |TAMS 0x0000000081100000, 0x0000000081100000| Untracked 
|  18|0x0000000081200000, 0x0000000081200000, 0x0000000081300000|  0%| F|  |TAMS 0x0000000081200000, 0x0000000081200000| Untracked 
|  19|0x0000000081300000, 0x0000000081300000, 0x0000000081400000|  0%| F|  |TAMS 0x0000000081300000, 0x0000000081300000| Untracked 
|  20|0x0000000081400000, 0x0000000081400000, 0x0000000081500000|  0%| F|  |TAMS 0x0000000081400000, 0x0000000081400000| Untracked 
|  21|0x0000000081500000, 0x0000000081500000, 0x0000000081600000|  0%| F|  |TAMS 0x0000000081500000, 0x0000000081500000| Untracked 
|  22|0x0000000081600000, 0x0000000081600000, 0x0000000081700000|  0%| F|  |TAMS 0x0000000081600000, 0x0000000081600000| Untracked 
|  23|0x0000000081700000, 0x0000000081700000, 0x0000000081800000|  0%| F|  |TAMS 0x0000000081700000, 0x0000000081700000| Untracked 
|  24|0x0000000081800000, 0x0000000081800000, 0x0000000081900000|  0%| F|  |TAMS 0x0000000081800000, 0x0000000081800000| Untracked 
|  25|0x0000000081900000, 0x0000000081900000, 0x0000000081a00000|  0%| F|  |TAMS 0x0000000081900000, 0x0000000081900000| Untracked 
|  26|0x0000000081a00000, 0x0000000081a00000, 0x0000000081b00000|  0%| F|  |TAMS 0x0000000081a00000, 0x0000000081a00000| Untracked 
|  27|0x0000000081b00000, 0x0000000081b00000, 0x0000000081c00000|  0%| F|  |TAMS 0x0000000081b00000, 0x0000000081b00000| Untracked 
|  28|0x0000000081c00000, 0x0000000081c00000, 0x0000000081d00000|  0%| F|  |TAMS 0x0000000081c00000, 0x0000000081c00000| Untracked 
|  29|0x0000000081d00000, 0x0000000081d00000, 0x0000000081e00000|  0%| F|  |TAMS 0x0000000081d00000, 0x0000000081d00000| Untracked 
|  30|0x0000000081e00000, 0x0000000081e00000, 0x0000000081f00000|  0%| F|  |TAMS 0x0000000081e00000, 0x0000000081e00000| Untracked 
|  31|0x0000000081f00000, 0x0000000081f00000, 0x0000000082000000|  0%| F|  |TAMS 0x0000000081f00000, 0x0000000081f00000| Untracked 
|  32|0x0000000082000000, 0x0000000082000000, 0x0000000082100000|  0%| F|  |TAMS 0x0000000082000000, 0x0000000082000000| Untracked 
|  33|0x0000000082100000, 0x0000000082100000, 0x0000000082200000|  0%| F|  |TAMS 0x0000000082100000, 0x0000000082100000| Untracked 
|  34|0x0000000082200000, 0x0000000082200000, 0x0000000082300000|  0%| F|  |TAMS 0x0000000082200000, 0x0000000082200000| Untracked 
|  35|0x0000000082300000, 0x0000000082300000, 0x0000000082400000|  0%| F|  |TAMS 0x0000000082300000, 0x0000000082300000| Untracked 
|  36|0x0000000082400000, 0x0000000082400000, 0x0000000082500000|  0%| F|  |TAMS 0x0000000082400000, 0x0000000082400000| Untracked 
|  37|0x0000000082500000, 0x0000000082500000, 0x0000000082600000|  0%| F|  |TAMS 0x0000000082500000, 0x0000000082500000| Untracked 
|  38|0x0000000082600000, 0x0000000082600000, 0x0000000082700000|  0%| F|  |TAMS 0x0000000082600000, 0x0000000082600000| Untracked 
|  39|0x0000000082700000, 0x0000000082700000, 0x0000000082800000|  0%| F|  |TAMS 0x0000000082700000, 0x0000000082700000| Untracked 
|  40|0x0000000082800000, 0x0000000082800000, 0x0000000082900000|  0%| F|  |TAMS 0x0000000082800000, 0x0000000082800000| Untracked 
|  41|0x0000000082900000, 0x0000000082900000, 0x0000000082a00000|  0%| F|  |TAMS 0x0000000082900000, 0x0000000082900000| Untracked 
|  42|0x0000000082a00000, 0x0000000082a00000, 0x0000000082b00000|  0%| F|  |TAMS 0x0000000082a00000, 0x0000000082a00000| Untracked 
|  43|0x0000000082b00000, 0x0000000082b00000, 0x0000000082c00000|  0%| F|  |TAMS 0x0000000082b00000, 0x0000000082b00000| Untracked 
|  44|0x0000000082c00000, 0x0000000082c00000, 0x0000000082d00000|  0%| F|  |TAMS 0x0000000082c00000, 0x0000000082c00000| Untracked 
|  45|0x0000000082d00000, 0x0000000082d00000, 0x0000000082e00000|  0%| F|  |TAMS 0x0000000082d00000, 0x0000000082d00000| Untracked 
|  46|0x0000000082e00000, 0x0000000082e00000, 0x0000000082f00000|  0%| F|  |TAMS 0x0000000082e00000, 0x0000000082e00000| Untracked 
|  47|0x0000000082f00000, 0x0000000082f00000, 0x0000000083000000|  0%| F|  |TAMS 0x0000000082f00000, 0x0000000082f00000| Untracked 
|  48|0x0000000083000000, 0x0000000083000000, 0x0000000083100000|  0%| F|  |TAMS 0x0000000083000000, 0x0000000083000000| Untracked 
|  49|0x0000000083100000, 0x0000000083100000, 0x0000000083200000|  0%| F|  |TAMS 0x0000000083100000, 0x0000000083100000| Untracked 
|  50|0x0000000083200000, 0x0000000083200000, 0x0000000083300000|  0%| F|  |TAMS 0x0000000083200000, 0x0000000083200000| Untracked 
|  51|0x0000000083300000, 0x0000000083300000, 0x0000000083400000|  0%| F|  |TAMS 0x0000000083300000, 0x0000000083300000| Untracked 
|  52|0x0000000083400000, 0x0000000083400000, 0x0000000083500000|  0%| F|  |TAMS 0x0000000083400000, 0x0000000083400000| Untracked 
|  53|0x0000000083500000, 0x0000000083500000, 0x0000000083600000|  0%| F|  |TAMS 0x0000000083500000, 0x0000000083500000| Untracked 
|  54|0x0000000083600000, 0x0000000083600000, 0x0000000083700000|  0%| F|  |TAMS 0x0000000083600000, 0x0000000083600000| Untracked 
|  55|0x0000000083700000, 0x0000000083700000, 0x0000000083800000|  0%| F|  |TAMS 0x0000000083700000, 0x0000000083700000| Untracked 
|  56|0x0000000083800000, 0x0000000083800000, 0x0000000083900000|  0%| F|  |TAMS 0x0000000083800000, 0x0000000083800000| Untracked 
|  57|0x0000000083900000, 0x0000000083900000, 0x0000000083a00000|  0%| F|  |TAMS 0x0000000083900000, 0x0000000083900000| Untracked 
|  58|0x0000000083a00000, 0x0000000083a00000, 0x0000000083b00000|  0%| F|  |TAMS 0x0000000083a00000, 0x0000000083a00000| Untracked 
|  59|0x0000000083b00000, 0x0000000083b00000, 0x0000000083c00000|  0%| F|  |TAMS 0x0000000083b00000, 0x0000000083b00000| Untracked 
|  60|0x0000000083c00000, 0x0000000083c00000, 0x0000000083d00000|  0%| F|  |TAMS 0x0000000083c00000, 0x0000000083c00000| Untracked 
|  61|0x0000000083d00000, 0x0000000083d00000, 0x0000000083e00000|  0%| F|  |TAMS 0x0000000083d00000, 0x0000000083d00000| Untracked 
|  62|0x0000000083e00000, 0x0000000083e00000, 0x0000000083f00000|  0%| F|  |TAMS 0x0000000083e00000, 0x0000000083e00000| Untracked 
|  63|0x0000000083f00000, 0x0000000083f00000, 0x0000000084000000|  0%| F|  |TAMS 0x0000000083f00000, 0x0000000083f00000| Untracked 
|  64|0x0000000084000000, 0x0000000084000000, 0x0000000084100000|  0%| F|  |TAMS 0x0000000084000000, 0x0000000084000000| Untracked 
|  65|0x0000000084100000, 0x0000000084100000, 0x0000000084200000|  0%| F|  |TAMS 0x0000000084100000, 0x0000000084100000| Untracked 
|  66|0x0000000084200000, 0x0000000084200000, 0x0000000084300000|  0%| F|  |TAMS 0x0000000084200000, 0x0000000084200000| Untracked 
|  67|0x0000000084300000, 0x0000000084300000, 0x0000000084400000|  0%| F|  |TAMS 0x0000000084300000, 0x0000000084300000| Untracked 
|  68|0x0000000084400000, 0x0000000084400000, 0x0000000084500000|  0%| F|  |TAMS 0x0000000084400000, 0x0000000084400000| Untracked 
|  69|0x0000000084500000, 0x0000000084500000, 0x0000000084600000|  0%| F|  |TAMS 0x0000000084500000, 0x0000000084500000| Untracked 
|  70|0x0000000084600000, 0x0000000084600000, 0x0000000084700000|  0%| F|  |TAMS 0x0000000084600000, 0x0000000084600000| Untracked 
|  71|0x0000000084700000, 0x0000000084700000, 0x0000000084800000|  0%| F|  |TAMS 0x0000000084700000, 0x0000000084700000| Untracked 
|  72|0x0000000084800000, 0x0000000084800000, 0x0000000084900000|  0%| F|  |TAMS 0x0000000084800000, 0x0000000084800000| Untracked 
|  73|0x0000000084900000, 0x0000000084900000, 0x0000000084a00000|  0%| F|  |TAMS 0x0000000084900000, 0x0000000084900000| Untracked 
|  74|0x0000000084a00000, 0x0000000084a00000, 0x0000000084b00000|  0%| F|  |TAMS 0x0000000084a00000, 0x0000000084a00000| Untracked 
|  75|0x0000000084b00000, 0x0000000084b00000, 0x0000000084c00000|  0%| F|  |TAMS 0x0000000084b00000, 0x0000000084b00000| Untracked 
|  76|0x0000000084c00000, 0x0000000084c00000, 0x0000000084d00000|  0%| F|  |TAMS 0x0000000084c00000, 0x0000000084c00000| Untracked 
|  77|0x0000000084d00000, 0x0000000084d00000, 0x0000000084e00000|  0%| F|  |TAMS 0x0000000084d00000, 0x0000000084d00000| Untracked 
|  78|0x0000000084e00000, 0x0000000084e00000, 0x0000000084f00000|  0%| F|  |TAMS 0x0000000084e00000, 0x0000000084e00000| Untracked 
|  79|0x0000000084f00000, 0x0000000084f00000, 0x0000000085000000|  0%| F|  |TAMS 0x0000000084f00000, 0x0000000084f00000| Untracked 
|  80|0x0000000085000000, 0x0000000085000000, 0x0000000085100000|  0%| F|  |TAMS 0x0000000085000000, 0x0000000085000000| Untracked 
|  81|0x0000000085100000, 0x0000000085100000, 0x0000000085200000|  0%| F|  |TAMS 0x0000000085100000, 0x0000000085100000| Untracked 
|  82|0x0000000085200000, 0x0000000085200000, 0x0000000085300000|  0%| F|  |TAMS 0x0000000085200000, 0x0000000085200000| Untracked 
|  83|0x0000000085300000, 0x0000000085300000, 0x0000000085400000|  0%| F|  |TAMS 0x0000000085300000, 0x0000000085300000| Untracked 
|  84|0x0000000085400000, 0x0000000085400000, 0x0000000085500000|  0%| F|  |TAMS 0x0000000085400000, 0x0000000085400000| Untracked 
|  85|0x0000000085500000, 0x0000000085500000, 0x0000000085600000|  0%| F|  |TAMS 0x0000000085500000, 0x0000000085500000| Untracked 
|  86|0x0000000085600000, 0x0000000085600000, 0x0000000085700000|  0%| F|  |TAMS 0x0000000085600000, 0x0000000085600000| Untracked 
|  87|0x0000000085700000, 0x0000000085700000, 0x0000000085800000|  0%| F|  |TAMS 0x0000000085700000, 0x0000000085700000| Untracked 
|  88|0x0000000085800000, 0x0000000085800000, 0x0000000085900000|  0%| F|  |TAMS 0x0000000085800000, 0x0000000085800000| Untracked 
|  89|0x0000000085900000, 0x0000000085900000, 0x0000000085a00000|  0%| F|  |TAMS 0x0000000085900000, 0x0000000085900000| Untracked 
|  90|0x0000000085a00000, 0x0000000085a00000, 0x0000000085b00000|  0%| F|  |TAMS 0x0000000085a00000, 0x0000000085a00000| Untracked 
|  91|0x0000000085b00000, 0x0000000085b00000, 0x0000000085c00000|  0%| F|  |TAMS 0x0000000085b00000, 0x0000000085b00000| Untracked 
|  92|0x0000000085c00000, 0x0000000085c00000, 0x0000000085d00000|  0%| F|  |TAMS 0x0000000085c00000, 0x0000000085c00000| Untracked 
|  93|0x0000000085d00000, 0x0000000085d00000, 0x0000000085e00000|  0%| F|  |TAMS 0x0000000085d00000, 0x0000000085d00000| Untracked 
|  94|0x0000000085e00000, 0x0000000085e00000, 0x0000000085f00000|  0%| F|  |TAMS 0x0000000085e00000, 0x0000000085e00000| Untracked 
|  95|0x0000000085f00000, 0x0000000085f00000, 0x0000000086000000|  0%| F|  |TAMS 0x0000000085f00000, 0x0000000085f00000| Untracked 
|  96|0x0000000086000000, 0x0000000086000000, 0x0000000086100000|  0%| F|  |TAMS 0x0000000086000000, 0x0000000086000000| Untracked 
|  97|0x0000000086100000, 0x0000000086100000, 0x0000000086200000|  0%| F|  |TAMS 0x0000000086100000, 0x0000000086100000| Untracked 
|  98|0x0000000086200000, 0x0000000086200000, 0x0000000086300000|  0%| F|  |TAMS 0x0000000086200000, 0x0000000086200000| Untracked 
|  99|0x0000000086300000, 0x0000000086300000, 0x0000000086400000|  0%| F|  |TAMS 0x0000000086300000, 0x0000000086300000| Untracked 
| 100|0x0000000086400000, 0x0000000086400000, 0x0000000086500000|  0%| F|  |TAMS 0x0000000086400000, 0x0000000086400000| Untracked 
| 101|0x0000000086500000, 0x0000000086500000, 0x0000000086600000|  0%| F|  |TAMS 0x0000000086500000, 0x0000000086500000| Untracked 
| 102|0x0000000086600000, 0x0000000086700000, 0x0000000086700000|100%| S|CS|TAMS 0x0000000086600000, 0x0000000086600000| Complete 
| 103|0x0000000086700000, 0x0000000086800000, 0x0000000086800000|100%| S|CS|TAMS 0x0000000086700000, 0x0000000086700000| Complete 
| 104|0x0000000086800000, 0x0000000086900000, 0x0000000086900000|100%| S|CS|TAMS 0x0000000086800000, 0x0000000086800000| Complete 
| 105|0x0000000086900000, 0x0000000086900000, 0x0000000086a00000|  0%| F|  |TAMS 0x0000000086900000, 0x0000000086900000| Untracked 
| 106|0x0000000086a00000, 0x0000000086a00000, 0x0000000086b00000|  0%| F|  |TAMS 0x0000000086a00000, 0x0000000086a00000| Untracked 
| 107|0x0000000086b00000, 0x0000000086b00000, 0x0000000086c00000|  0%| F|  |TAMS 0x0000000086b00000, 0x0000000086b00000| Untracked 
| 108|0x0000000086c00000, 0x0000000086c00000, 0x0000000086d00000|  0%| F|  |TAMS 0x0000000086c00000, 0x0000000086c00000| Untracked 
| 109|0x0000000086d00000, 0x0000000086d00000, 0x0000000086e00000|  0%| F|  |TAMS 0x0000000086d00000, 0x0000000086d00000| Untracked 
| 110|0x0000000086e00000, 0x0000000086e00000, 0x0000000086f00000|  0%| F|  |TAMS 0x0000000086e00000, 0x0000000086e00000| Untracked 
| 111|0x0000000086f00000, 0x0000000086f00000, 0x0000000087000000|  0%| F|  |TAMS 0x0000000086f00000, 0x0000000086f00000| Untracked 
| 112|0x0000000087000000, 0x0000000087000000, 0x0000000087100000|  0%| F|  |TAMS 0x0000000087000000, 0x0000000087000000| Untracked 
| 113|0x0000000087100000, 0x0000000087100000, 0x0000000087200000|  0%| F|  |TAMS 0x0000000087100000, 0x0000000087100000| Untracked 
| 114|0x0000000087200000, 0x0000000087200000, 0x0000000087300000|  0%| F|  |TAMS 0x0000000087200000, 0x0000000087200000| Untracked 
| 115|0x0000000087300000, 0x0000000087300000, 0x0000000087400000|  0%| F|  |TAMS 0x0000000087300000, 0x0000000087300000| Untracked 
| 116|0x0000000087400000, 0x0000000087400000, 0x0000000087500000|  0%| F|  |TAMS 0x0000000087400000, 0x0000000087400000| Untracked 
| 117|0x0000000087500000, 0x0000000087500000, 0x0000000087600000|  0%| F|  |TAMS 0x0000000087500000, 0x0000000087500000| Untracked 
| 118|0x0000000087600000, 0x0000000087600000, 0x0000000087700000|  0%| F|  |TAMS 0x0000000087600000, 0x0000000087600000| Untracked 
| 119|0x0000000087700000, 0x0000000087700000, 0x0000000087800000|  0%| F|  |TAMS 0x0000000087700000, 0x0000000087700000| Untracked 
| 120|0x0000000087800000, 0x0000000087800000, 0x0000000087900000|  0%| F|  |TAMS 0x0000000087800000, 0x0000000087800000| Untracked 
| 121|0x0000000087900000, 0x0000000087900000, 0x0000000087a00000|  0%| F|  |TAMS 0x0000000087900000, 0x0000000087900000| Untracked 
| 122|0x0000000087a00000, 0x0000000087a00000, 0x0000000087b00000|  0%| F|  |TAMS 0x0000000087a00000, 0x0000000087a00000| Untracked 
| 123|0x0000000087b00000, 0x0000000087b00000, 0x0000000087c00000|  0%| F|  |TAMS 0x0000000087b00000, 0x0000000087b00000| Untracked 
| 124|0x0000000087c00000, 0x0000000087c00000, 0x0000000087d00000|  0%| F|  |TAMS 0x0000000087c00000, 0x0000000087c00000| Untracked 
| 125|0x0000000087d00000, 0x0000000087d00000, 0x0000000087e00000|  0%| F|  |TAMS 0x0000000087d00000, 0x0000000087d00000| Untracked 
| 126|0x0000000087e00000, 0x0000000087e00000, 0x0000000087f00000|  0%| F|  |TAMS 0x0000000087e00000, 0x0000000087e00000| Untracked 
| 127|0x0000000087f00000, 0x0000000087fb45b8, 0x0000000088000000| 70%| E|  |TAMS 0x0000000087f00000, 0x0000000087f00000| Complete 

Card table byte_map: [0x00000118c9830000,0x00000118c9c30000] _byte_map_base: 0x00000118c9430000

Marking Bits (Prev, Next): (CMBitMap*) 0x00000118b64905c0, (CMBitMap*) 0x00000118b6490600
 Prev Bits: [0x00000118ca030000, 0x00000118cc030000)
 Next Bits: [0x00000118cc030000, 0x00000118ce030000)

Polling page: 0x00000118b43b0000

Metaspace:

Usage:
  Non-class:     16.64 MB used.
      Class:      2.00 MB used.
       Both:     18.64 MB used.

Virtual space:
  Non-class space:       64.00 MB reserved,      16.81 MB ( 26%) committed,  1 nodes.
      Class space:        1.00 GB reserved,       2.19 MB ( <1%) committed,  1 nodes.
             Both:        1.06 GB reserved,      19.00 MB (  2%) committed. 

Chunk freelists:
   Non-Class:  14.73 MB
       Class:  13.66 MB
        Both:  28.39 MB

MaxMetaspaceSize: unlimited
CompressedClassSpaceSize: 1.00 GB
Initial GC threshold: 21.00 MB
Current GC threshold: 21.00 MB
CDS: off
MetaspaceReclaimPolicy: balanced
 - commit_granule_bytes: 65536.
 - commit_granule_words: 8192.
 - virtual_space_node_default_size: 8388608.
 - enlarge_chunks_in_place: 1.
 - new_chunks_are_fully_committed: 0.
 - uncommit_free_chunks: 1.
 - use_allocation_guard: 0.
 - handle_deallocations: 1.


Internal statistics:

num_allocs_failed_limit: 0.
num_arena_births: 280.
num_arena_deaths: 0.
num_vsnodes_births: 2.
num_vsnodes_deaths: 0.
num_space_committed: 304.
num_space_uncommitted: 0.
num_chunks_returned_to_freelist: 0.
num_chunks_taken_from_freelist: 549.
num_chunk_merges: 0.
num_chunk_splits: 344.
num_chunks_enlarged: 192.
num_inconsistent_stats: 0.

CodeHeap 'non-profiled nmethods': size=119168Kb used=376Kb max_used=376Kb free=118791Kb
 bounds [0x00000118c1740000, 0x00000118c19b0000, 0x00000118c8ba0000]
CodeHeap 'profiled nmethods': size=119104Kb used=2521Kb max_used=2521Kb free=116582Kb
 bounds [0x00000118b9ba0000, 0x00000118b9e20000, 0x00000118c0ff0000]
CodeHeap 'non-nmethods': size=7488Kb used=2332Kb max_used=2349Kb free=5155Kb
 bounds [0x00000118c0ff0000, 0x00000118c1260000, 0x00000118c1740000]
 total_blobs=1932 nmethods=1418 adapters=425
 compilation: enabled
              stopped_count=0, restarted_count=0
 full_count=0

Compilation events (20 events):
Event: 1.037 Thread 0x00000118d13dc740 1412       3       java.lang.Byte::<init> (10 bytes)
Event: 1.037 Thread 0x00000118d127c9c0 1413       3       java.util.Objects::hash (5 bytes)
Event: 1.038 Thread 0x00000118d13dc740 nmethod 1412 0x00000118b9e11b90 code [0x00000118b9e11d40, 0x00000118b9e11f18]
Event: 1.038 Thread 0x00000118d127c9c0 nmethod 1413 0x00000118b9e12010 code [0x00000118b9e121a0, 0x00000118b9e122a8]
Event: 1.038 Thread 0x00000118d13dc740 1419       3       jdk.internal.org.objectweb.asm.ClassWriter::visit (160 bytes)
Event: 1.038 Thread 0x00000118d127c9c0 1414       3       java.lang.Byte::hashCode (8 bytes)
Event: 1.038 Thread 0x00000118d127c9c0 nmethod 1414 0x00000118b9e12390 code [0x00000118b9e12520, 0x00000118b9e12678]
Event: 1.038 Thread 0x00000118d127c9c0 1415       3       java.lang.Byte::hashCode (2 bytes)
Event: 1.038 Thread 0x00000118d127c9c0 nmethod 1415 0x00000118b9e12710 code [0x00000118b9e128a0, 0x00000118b9e12998]
Event: 1.038 Thread 0x00000118d13d5790 nmethod 1411 0x00000118b9e12a10 code [0x00000118b9e12c60, 0x00000118b9e13928]
Event: 1.038 Thread 0x00000118d127c9c0 1416       3       jdk.internal.org.objectweb.asm.ClassWriter::<init> (7 bytes)
Event: 1.038 Thread 0x00000118d13d5790 1417       3       jdk.internal.org.objectweb.asm.ClassWriter::<init> (68 bytes)
Event: 1.038 Thread 0x00000118d127c9c0 nmethod 1416 0x00000118b9e13c90 code [0x00000118b9e13e40, 0x00000118b9e13f88]
Event: 1.038 Thread 0x00000118d127c9c0 1418       3       jdk.internal.org.objectweb.asm.SymbolTable::<init> (41 bytes)
Event: 1.038 Thread 0x00000118d13dc740 nmethod 1419 0x00000118b9e14010 code [0x00000118b9e14240, 0x00000118b9e14a78]
Event: 1.039 Thread 0x00000118d13d5790 nmethod 1417 0x00000118b9e14e90 code [0x00000118b9e15060, 0x00000118b9e154e8]
Event: 1.039 Thread 0x00000118d127c9c0 nmethod 1418 0x00000118b9e15690 code [0x00000118b9e15860, 0x00000118b9e15db8]
Event: 1.039 Thread 0x00000118d13dc740 1420       3       jdk.internal.jimage.ImageBufferCache::getCapacity (21 bytes)
Event: 1.039 Thread 0x00000118d127c9c0 1421       1       jdk.internal.jimage.decompressor.CompressedResourceHeader::getSize (3 bytes)
Event: 1.039 Thread 0x00000118d13dc740 nmethod 1420 0x00000118b9e15f10 code [0x00000118b9e160c0, 0x00000118b9e163c8]

GC Heap History (2 events):
Event: 1.010 GC heap before
{Heap before GC invocations=0 (full 0):
 garbage-first heap   total 131072K, used 25600K [0x0000000080000000, 0x0000000100000000)
  region size 1024K, 23 young (23552K), 0 survivors (0K)
 Metaspace       used 18760K, committed 19072K, reserved 1114112K
  class space    used 2015K, committed 2176K, reserved 1048576K
}
Event: 1.021 GC heap after
{Heap after GC invocations=1 (full 0):
 garbage-first heap   total 131072K, used 7636K [0x0000000080000000, 0x0000000100000000)
  region size 1024K, 3 young (3072K), 3 survivors (3072K)
 Metaspace       used 18760K, committed 19072K, reserved 1114112K
  class space    used 2015K, committed 2176K, reserved 1048576K
}

Dll operation events (1 events):
Event: 0.009 Loaded shared library C:\Program Files\JetBrains\IntelliJ IDEA 2024.1.1\jbr\bin\java.dll

Deoptimization events (20 events):
Event: 0.216 Thread 0x00000118b6431c20 Uncommon trap: trap_request=0xffffff45 fr.pc=0x00000118c17492f4 relative=0x00000000000005b4
Event: 0.216 Thread 0x00000118b6431c20 Uncommon trap: reason=unstable_if action=reinterpret pc=0x00000118c17492f4 method=java.util.zip.ZipFile$Source.checkAndAddEntry(II)I @ 50 c2
Event: 0.216 Thread 0x00000118b6431c20 DEOPT PACKING pc=0x00000118c17492f4 sp=0x00000004817fdde0
Event: 0.216 Thread 0x00000118b6431c20 DEOPT UNPACKING pc=0x00000118c10469a3 sp=0x00000004817fdd50 mode 2
Event: 0.255 Thread 0x00000118b6431c20 DEOPT PACKING pc=0x00000118b9bb8f67 sp=0x00000004817fc1e0
Event: 0.255 Thread 0x00000118b6431c20 DEOPT UNPACKING pc=0x00000118c1047143 sp=0x00000004817fb600 mode 0
Event: 0.265 Thread 0x00000118b6431c20 Uncommon trap: trap_request=0xffffff45 fr.pc=0x00000118c174ece4 relative=0x0000000000000064
Event: 0.265 Thread 0x00000118b6431c20 Uncommon trap: reason=unstable_if action=reinterpret pc=0x00000118c174ece4 method=java.io.WinNTFileSystem.isSlash(C)Z @ 9 c2
Event: 0.265 Thread 0x00000118b6431c20 DEOPT PACKING pc=0x00000118c174ece4 sp=0x00000004817fe390
Event: 0.265 Thread 0x00000118b6431c20 DEOPT UNPACKING pc=0x00000118c10469a3 sp=0x00000004817fe318 mode 2
Event: 0.722 Thread 0x00000118b6431c20 Uncommon trap: trap_request=0xffffff6e fr.pc=0x00000118c1756b44 relative=0x0000000000000144
Event: 0.722 Thread 0x00000118b6431c20 Uncommon trap: reason=loop_limit_check action=maybe_recompile pc=0x00000118c1756b44 method=java.lang.StringLatin1.lastIndexOf([BII)I @ 19 c2
Event: 0.722 Thread 0x00000118b6431c20 DEOPT PACKING pc=0x00000118c1756b44 sp=0x00000004817fe330
Event: 0.722 Thread 0x00000118b6431c20 DEOPT UNPACKING pc=0x00000118c10469a3 sp=0x00000004817fe2b0 mode 2
Event: 0.882 Thread 0x00000118d1c75030 Uncommon trap: trap_request=0xffffff45 fr.pc=0x00000118c1785274 relative=0x0000000000000074
Event: 0.882 Thread 0x00000118d1c75030 Uncommon trap: reason=unstable_if action=reinterpret pc=0x00000118c1785274 method=jdk.internal.misc.Unsafe.convEndian(ZI)I @ 4 c2
Event: 0.882 Thread 0x00000118d1c75030 DEOPT PACKING pc=0x00000118c1785274 sp=0x00000004836f8e30
Event: 0.882 Thread 0x00000118d1c75030 DEOPT UNPACKING pc=0x00000118c10469a3 sp=0x00000004836f8d60 mode 2
Event: 1.025 Thread 0x00000118d1c75030 DEOPT PACKING pc=0x00000118b9be1356 sp=0x00000004836fc730
Event: 1.025 Thread 0x00000118d1c75030 DEOPT UNPACKING pc=0x00000118c1047143 sp=0x00000004836fbbd0 mode 0

Classes unloaded (0 events):
No events

Classes redefined (0 events):
No events

Internal exceptions (20 events):
Event: 0.596 Thread 0x00000118b6431c20 Exception <a 'java/lang/NoSuchMethodError'{0x00000000873fcea8}: 'void java.lang.invoke.DelegatingMethodHandle$Holder.delegate(java.lang.Object, java.lang.Object, int, java.lang.Object)'> (0x00000000873fcea8) 
thrown [s\src\hotspot\share\interpreter\linkResolver.cpp, line 771]
Event: 0.607 Thread 0x00000118b6431c20 Exception <a 'java/lang/NoSuchMethodError'{0x000000008723a3f8}: 'java.lang.Object java.lang.invoke.Invokers$Holder.invoke_MT(java.lang.Object, java.lang.Object, java.lang.Object)'> (0x000000008723a3f8) 
thrown [s\src\hotspot\share\interpreter\linkResolver.cpp, line 771]
Event: 0.610 Thread 0x00000118b6431c20 Exception <a 'java/lang/NoSuchMethodError'{0x000000008724a688}: 'void java.lang.invoke.DirectMethodHandle$Holder.invokeInterface(java.lang.Object, java.lang.Object, java.lang.Object)'> (0x000000008724a688) 
thrown [s\src\hotspot\share\interpreter\linkResolver.cpp, line 771]
Event: 0.610 Thread 0x00000118b6431c20 Exception <a 'java/lang/IncompatibleClassChangeError'{0x000000008724da48}: Found class java.lang.Object, but interface was expected> (0x000000008724da48) 
thrown [s\src\hotspot\share\interpreter\linkResolver.cpp, line 838]
Event: 0.610 Thread 0x00000118b6431c20 Exception <a 'java/lang/IncompatibleClassChangeError'{0x000000008724efa0}: Found class java.lang.Object, but interface was expected> (0x000000008724efa0) 
thrown [s\src\hotspot\share\interpreter\linkResolver.cpp, line 838]
Event: 0.611 Thread 0x00000118b6431c20 Exception <a 'java/lang/IncompatibleClassChangeError'{0x0000000087250098}: Found class java.lang.Object, but interface was expected> (0x0000000087250098) 
thrown [s\src\hotspot\share\interpreter\linkResolver.cpp, line 838]
Event: 0.611 Thread 0x00000118b6431c20 Exception <a 'java/lang/IncompatibleClassChangeError'{0x0000000087251578}: Found class java.lang.Object, but interface was expected> (0x0000000087251578) 
thrown [s\src\hotspot\share\interpreter\linkResolver.cpp, line 838]
Event: 0.611 Thread 0x00000118b6431c20 Exception <a 'java/lang/IncompatibleClassChangeError'{0x0000000087252530}: Found class java.lang.Object, but interface was expected> (0x0000000087252530) 
thrown [s\src\hotspot\share\interpreter\linkResolver.cpp, line 838]
Event: 0.611 Thread 0x00000118b6431c20 Exception <a 'java/lang/NoSuchMethodError'{0x0000000087255188}: 'void java.lang.invoke.DirectMethodHandle$Holder.invokeStaticInit(java.lang.Object, java.lang.Object)'> (0x0000000087255188) 
thrown [s\src\hotspot\share\interpreter\linkResolver.cpp, line 771]
Event: 0.648 Thread 0x00000118b6431c20 Exception <a 'java/lang/NoSuchMethodError'{0x00000000872c1328}: 'java.lang.Object java.lang.invoke.DirectMethodHandle$Holder.invokeStaticInit(java.lang.Object, int, int, int, int)'> (0x00000000872c1328) 
thrown [s\src\hotspot\share\interpreter\linkResolver.cpp, line 771]
Event: 0.705 Thread 0x00000118b6431c20 Exception <a 'java/lang/NoSuchMethodError'{0x0000000087152380}: 'java.lang.Object java.lang.invoke.DirectMethodHandle$Holder.invokeStaticInit(java.lang.Object, java.lang.Object, int, int, int, int)'> (0x0000000087152380) 
thrown [s\src\hotspot\share\interpreter\linkResolver.cpp, line 771]
Event: 0.779 Thread 0x00000118b6431c20 Exception <a 'java/lang/NoSuchMethodError'{0x00000000870f4050}: 'java.lang.Object java.lang.invoke.Invokers$Holder.linkToTargetMethod(java.lang.Object, long, java.lang.Object)'> (0x00000000870f4050) 
thrown [s\src\hotspot\share\interpreter\linkResolver.cpp, line 771]
Event: 0.841 Thread 0x00000118d1c75030 Exception <a 'java/lang/NoSuchMethodError'{0x0000000086d24f40}: static [B.<clinit>()V> (0x0000000086d24f40) 
thrown [s\src\hotspot\share\prims\jni.cpp, line 1122]
Event: 0.841 Thread 0x00000118d1c75f60 Exception <a 'java/lang/NoSuchMethodError'{0x0000000086dfcc80}: static [B.<clinit>()V> (0x0000000086dfcc80) 
thrown [s\src\hotspot\share\prims\jni.cpp, line 1122]
Event: 0.855 Thread 0x00000118d1c75030 Exception <a 'java/lang/NoSuchMethodError'{0x0000000086d54e90}: static [Ljava/rmi/server/ObjID;.<clinit>()V> (0x0000000086d54e90) 
thrown [s\src\hotspot\share\prims\jni.cpp, line 1122]
Event: 0.857 Thread 0x00000118d1c76470 Exception <a 'java/lang/InterruptedException'{0x0000000086c00000}> (0x0000000086c00000) 
thrown [s\src\hotspot\share\runtime\objectMonitor.cpp, line 1658]
Event: 0.858 Thread 0x00000118d1c75030 Exception <a 'java/lang/NoSuchMethodError'{0x0000000086d5c908}: 'void java.lang.invoke.DirectMethodHandle$Holder.invokeSpecial(java.lang.Object, java.lang.Object, java.lang.Object)'> (0x0000000086d5c908) 
thrown [s\src\hotspot\share\interpreter\linkResolver.cpp, line 771]
Event: 0.859 Thread 0x00000118d1c75030 Exception <a 'java/lang/NoSuchMethodError'{0x0000000086d5fe70}: 'void java.lang.invoke.Invokers$Holder.invoke_MT(java.lang.Object, java.lang.Object, java.lang.Object)'> (0x0000000086d5fe70) 
thrown [s\src\hotspot\share\interpreter\linkResolver.cpp, line 771]
Event: 0.859 Thread 0x00000118d1c76470 Exception <a 'java/lang/NoSuchMethodError'{0x0000000086c08a00}: 'java.lang.Object java.lang.invoke.DirectMethodHandle$Holder.newInvokeSpecial(java.lang.Object, java.lang.Object, int, java.lang.Object, long)'> (0x0000000086c08a00) 
thrown [s\src\hotspot\share\interpreter\linkResolver.cpp, line 771]
Event: 0.952 Thread 0x00000118d1c75030 Exception <a 'java/lang/NoSuchMethodError'{0x0000000086aadb08}: 'java.lang.Object java.lang.invoke.DirectMethodHandle$Holder.invokeInterface(java.lang.Object, java.lang.Object)'> (0x0000000086aadb08) 
thrown [s\src\hotspot\share\interpreter\linkResolver.cpp, line 771]

VM Operations (18 events):
Event: 0.179 Executing VM operation: HandshakeAllThreads
Event: 0.179 Executing VM operation: HandshakeAllThreads done
Event: 0.452 Executing VM operation: HandshakeAllThreads
Event: 0.452 Executing VM operation: HandshakeAllThreads done
Event: 0.580 Executing VM operation: HandshakeAllThreads
Event: 0.580 Executing VM operation: HandshakeAllThreads done
Event: 0.615 Executing VM operation: HandshakeAllThreads
Event: 0.615 Executing VM operation: HandshakeAllThreads done
Event: 0.635 Executing VM operation: HandshakeAllThreads
Event: 0.635 Executing VM operation: HandshakeAllThreads done
Event: 0.715 Executing VM operation: HandshakeAllThreads
Event: 0.715 Executing VM operation: HandshakeAllThreads done
Event: 0.758 Executing VM operation: ICBufferFull
Event: 0.758 Executing VM operation: ICBufferFull done
Event: 1.007 Executing VM operation: HandshakeAllThreads
Event: 1.007 Executing VM operation: HandshakeAllThreads done
Event: 1.010 Executing VM operation: G1CollectForAllocation
Event: 1.021 Executing VM operation: G1CollectForAllocation done

Events (20 events):
Event: 1.030 loading class sun/util/locale/provider/LocaleDataMetaInfo
Event: 1.030 loading class sun/util/locale/provider/LocaleDataMetaInfo done
Event: 1.030 loading class sun/util/cldr/CLDRBaseLocaleDataMetaInfo done
Event: 1.031 loading class sun/util/locale/LanguageTag
Event: 1.031 loading class sun/util/locale/LanguageTag done
Event: 1.031 loading class sun/util/locale/ParseStatus
Event: 1.031 loading class sun/util/locale/ParseStatus done
Event: 1.031 loading class sun/util/locale/StringTokenIterator
Event: 1.031 loading class sun/util/locale/StringTokenIterator done
Event: 1.032 loading class sun/util/locale/InternalLocaleBuilder
Event: 1.032 loading class sun/util/locale/InternalLocaleBuilder done
Event: 1.032 loading class sun/util/locale/InternalLocaleBuilder$CaseInsensitiveChar
Event: 1.032 loading class sun/util/locale/InternalLocaleBuilder$CaseInsensitiveChar done
Event: 1.035 loading class sun/util/cldr/CLDRTimeZoneNameProviderImpl
Event: 1.036 loading class sun/util/locale/provider/TimeZoneNameProviderImpl
Event: 1.036 loading class sun/util/locale/provider/TimeZoneNameProviderImpl done
Event: 1.036 loading class sun/util/cldr/CLDRTimeZoneNameProviderImpl done
Event: 1.038 loading class sun/util/locale/provider/BaseLocaleDataMetaInfo
Event: 1.038 loading class sun/util/locale/provider/BaseLocaleDataMetaInfo done
Event: 1.040 loading class sun/util/locale/provider/LocaleResources


Dynamic libraries:
0x00007ff6d0810000 - 0x00007ff6d081a000 	C:\Program Files\JetBrains\IntelliJ IDEA 2024.1.1\jbr\bin\java.exe
0x00007ff96bbb0000 - 0x00007ff96bdc7000 	C:\WINDOWS\SYSTEM32\ntdll.dll
0x00007ff96ae80000 - 0x00007ff96af44000 	C:\WINDOWS\System32\KERNEL32.DLL
0x00007ff9690b0000 - 0x00007ff969467000 	C:\WINDOWS\System32\KERNELBASE.dll
0x00007ff9695c0000 - 0x00007ff9696d1000 	C:\WINDOWS\System32\ucrtbase.dll
0x00007ff941090000 - 0x00007ff9410a7000 	C:\Program Files\JetBrains\IntelliJ IDEA 2024.1.1\jbr\bin\jli.dll
0x00007ff94f090000 - 0x00007ff94f0ab000 	C:\Program Files\JetBrains\IntelliJ IDEA 2024.1.1\jbr\bin\VCRUNTIME140.dll
0x00007ff96abb0000 - 0x00007ff96ad5f000 	C:\WINDOWS\System32\USER32.dll
0x00007ff9696e0000 - 0x00007ff969706000 	C:\WINDOWS\System32\win32u.dll
0x00007ff952620000 - 0x00007ff9528b3000 	C:\WINDOWS\WinSxS\amd64_microsoft.windows.common-controls_6595b64144ccf1df_6.0.22621.3672_none_2713b9d173822955\COMCTL32.dll
0x00007ff96b9b0000 - 0x00007ff96b9d9000 	C:\WINDOWS\System32\GDI32.dll
0x00007ff96a7e0000 - 0x00007ff96a887000 	C:\WINDOWS\System32\msvcrt.dll
0x00007ff9694a0000 - 0x00007ff9695b8000 	C:\WINDOWS\System32\gdi32full.dll
0x00007ff969840000 - 0x00007ff9698da000 	C:\WINDOWS\System32\msvcp_win.dll
0x00007ff96afb0000 - 0x00007ff96afe1000 	C:\WINDOWS\System32\IMM32.DLL
0x00007ff94b310000 - 0x00007ff94b31c000 	C:\Program Files\JetBrains\IntelliJ IDEA 2024.1.1\jbr\bin\vcruntime140_1.dll
0x00007ff92ded0000 - 0x00007ff92df5d000 	C:\Program Files\JetBrains\IntelliJ IDEA 2024.1.1\jbr\bin\msvcp140.dll
0x00007ff8fdb30000 - 0x00007ff8fe7b2000 	C:\Program Files\JetBrains\IntelliJ IDEA 2024.1.1\jbr\bin\server\jvm.dll
0x00007ff969990000 - 0x00007ff969a42000 	C:\WINDOWS\System32\ADVAPI32.dll
0x00007ff9698e0000 - 0x00007ff969988000 	C:\WINDOWS\System32\sechost.dll
0x00007ff969470000 - 0x00007ff969498000 	C:\WINDOWS\System32\bcrypt.dll
0x00007ff96ba40000 - 0x00007ff96bb54000 	C:\WINDOWS\System32\RPCRT4.dll
0x00007ff967d30000 - 0x00007ff967d7d000 	C:\WINDOWS\SYSTEM32\POWRPROF.dll
0x00007ff957ca0000 - 0x00007ff957ca9000 	C:\WINDOWS\SYSTEM32\WSOCK32.dll
0x00007ff963260000 - 0x00007ff963294000 	C:\WINDOWS\SYSTEM32\WINMM.dll
0x00007ff96a620000 - 0x00007ff96a691000 	C:\WINDOWS\System32\WS2_32.dll
0x00007ff95fd20000 - 0x00007ff95fd2a000 	C:\WINDOWS\SYSTEM32\VERSION.dll
0x00007ff967d10000 - 0x00007ff967d23000 	C:\WINDOWS\SYSTEM32\UMPDC.dll
0x00007ff967fc0000 - 0x00007ff967fd8000 	C:\WINDOWS\SYSTEM32\kernel.appcore.dll
0x00007ff963530000 - 0x00007ff96353a000 	C:\Program Files\JetBrains\IntelliJ IDEA 2024.1.1\jbr\bin\jimage.dll
0x00007ff966260000 - 0x00007ff966492000 	C:\WINDOWS\SYSTEM32\DBGHELP.DLL
0x00007ff96aff0000 - 0x00007ff96b37e000 	C:\WINDOWS\System32\combase.dll
0x00007ff96aad0000 - 0x00007ff96aba7000 	C:\WINDOWS\System32\OLEAUT32.dll
0x00007ff9598d0000 - 0x00007ff959902000 	C:\WINDOWS\SYSTEM32\dbgcore.DLL
0x00007ff968ec0000 - 0x00007ff968f3b000 	C:\WINDOWS\System32\bcryptPrimitives.dll
0x00007ff94ea90000 - 0x00007ff94eab5000 	C:\Program Files\JetBrains\IntelliJ IDEA 2024.1.1\jbr\bin\java.dll
0x00007ff95ad90000 - 0x00007ff95ada8000 	C:\Program Files\JetBrains\IntelliJ IDEA 2024.1.1\jbr\bin\zip.dll
0x00007ff969cb0000 - 0x00007ff96a519000 	C:\WINDOWS\System32\SHELL32.dll
0x00007ff966df0000 - 0x00007ff9676ef000 	C:\WINDOWS\SYSTEM32\windows.storage.dll
0x00007ff966cb0000 - 0x00007ff966def000 	C:\WINDOWS\SYSTEM32\wintypes.dll
0x00007ff96a6a0000 - 0x00007ff96a799000 	C:\WINDOWS\System32\SHCORE.dll
0x00007ff969bb0000 - 0x00007ff969c0e000 	C:\WINDOWS\System32\shlwapi.dll
0x00007ff968df0000 - 0x00007ff968e17000 	C:\WINDOWS\SYSTEM32\profapi.dll
0x00007ff94f2f0000 - 0x00007ff94f309000 	C:\Program Files\JetBrains\IntelliJ IDEA 2024.1.1\jbr\bin\net.dll
0x00007ff964b40000 - 0x00007ff964c76000 	C:\WINDOWS\SYSTEM32\WINHTTP.dll
0x00007ff968420000 - 0x00007ff968489000 	C:\WINDOWS\system32\mswsock.dll
0x00007ff94ea00000 - 0x00007ff94ea16000 	C:\Program Files\JetBrains\IntelliJ IDEA 2024.1.1\jbr\bin\nio.dll
0x00007ff950ee0000 - 0x00007ff950ee9000 	C:\Program Files\JetBrains\IntelliJ IDEA 2024.1.1\jbr\bin\management.dll
0x00007ff94f290000 - 0x00007ff94f29b000 	C:\Program Files\JetBrains\IntelliJ IDEA 2024.1.1\jbr\bin\management_ext.dll
0x00007ff96bb60000 - 0x00007ff96bb68000 	C:\WINDOWS\System32\PSAPI.DLL
0x00007ff9679c0000 - 0x00007ff9679ed000 	C:\WINDOWS\SYSTEM32\IPHLPAPI.DLL
0x00007ff96a7d0000 - 0x00007ff96a7d9000 	C:\WINDOWS\System32\NSI.dll
0x00007ff963670000 - 0x00007ff963689000 	C:\WINDOWS\SYSTEM32\dhcpcsvc6.DLL
0x00007ff963650000 - 0x00007ff96366f000 	C:\WINDOWS\SYSTEM32\dhcpcsvc.DLL
0x00007ff9679f0000 - 0x00007ff967af2000 	C:\WINDOWS\SYSTEM32\DNSAPI.dll
0x00007ff968770000 - 0x00007ff96878b000 	C:\WINDOWS\SYSTEM32\CRYPTSP.dll
0x00007ff967f20000 - 0x00007ff967f55000 	C:\WINDOWS\system32\rsaenh.dll
0x00007ff9684c0000 - 0x00007ff9684e8000 	C:\WINDOWS\SYSTEM32\USERENV.dll
0x00007ff968750000 - 0x00007ff96875c000 	C:\WINDOWS\SYSTEM32\CRYPTBASE.dll
0x00007ff951d60000 - 0x00007ff951d69000 	C:\Program Files\JetBrains\IntelliJ IDEA 2024.1.1\jbr\bin\extnet.dll
0x00007ff93c0b0000 - 0x00007ff93c0b7000 	C:\Program Files\JetBrains\IntelliJ IDEA 2024.1.1\jbr\bin\rmi.dll

dbghelp: loaded successfully - version: 4.0.5 - missing functions: none
symbol engine: initialized successfully - sym options: 0x614 - pdb path: .;C:\Program Files\JetBrains\IntelliJ IDEA 2024.1.1\jbr\bin;C:\WINDOWS\SYSTEM32;C:\WINDOWS\WinSxS\amd64_microsoft.windows.common-controls_6595b64144ccf1df_6.0.22621.3672_none_2713b9d173822955;C:\Program Files\JetBrains\IntelliJ IDEA 2024.1.1\jbr\bin\server

VM Arguments:
jvm_args: -Djava.rmi.server.hostname=127.0.0.1 -Duser.timezone=UTC -Xmx2048m -Xms128m -Djdbc.classpath=C:\Program Files\JetBrains\IntelliJ IDEA 2024.1.1\plugins\DatabaseTools\lib\jdbc-console.jar;C:\Users\angel\AppData\Roaming\JetBrains\IntelliJIdea2024.1\jdbc-drivers\Apache Derby\10.16.1.1\org\apache\derby\derby\10.16.1.1\derby-10.16.1.1.jar;C:\Users\angel\AppData\Roaming\JetBrains\IntelliJIdea2024.1\jdbc-drivers\Apache Derby\10.16.1.1\org\apache\derby\derbyshared\10.16.1.1\derbyshared-10.16.1.1.jar;C:\Users\angel\AppData\Roaming\JetBrains\IntelliJIdea2024.1\jdbc-drivers\Apache Derby\10.16.1.1\org\apache\derby\derbyclient\10.16.1.1\derbyclient-10.16.1.1.jar;C:\Users\angel\AppData\Roaming\JetBrains\IntelliJIdea2024.1\jdbc-drivers\Apache Derby\10.16.1.1\org\apache\derby\derbytools\10.16.1.1\derbytools-10.16.1.1.jar;C:\Users\angel\AppData\Roaming\JetBrains\IntelliJIdea2024.1\jdbc-drivers\Apache Derby\10.16.1.1\org\apache\derby\derbyoptionaltools\10.16.1.1\derbyoptionaltools-10.16.1.1.jar;C:\Users\angel\AppData\Roaming\JetBrains\IntelliJIdea2024.1\jdbc-drivers\Apache Derby\10.16.1.1\org\apache\derby\derbynet\10.16.1.1\derbynet-10.16.1.1.jar --add-exports=java.desktop/sun.awt=ALL-UNNAMED --add-exports=java.desktop/java.awt.peer=ALL-UNNAMED --add-opens=java.desktop/java.awt=ALL-UNNAMED --add-opens=jdk.unsupported/sun.misc=ALL-UNNAMED --add-opens=java.base/java.nio=ALL-UNNAMED --add-opens=java.base/java.util=ALL-UNNAMED -Dfile.encoding=UTF-8 
java_command: com.intellij.database.remote.RemoteJdbcServer org.apache.derby.jdbc.EmbeddedDriver
java_class_path (initial): C:\Program Files\JetBrains\IntelliJ IDEA 2024.1.1\lib\util_rt.jar;C:\Program Files\JetBrains\IntelliJ IDEA 2024.1.1\lib\util-8.jar;C:\Program Files\JetBrains\IntelliJ IDEA 2024.1.1\lib\groovy.jar;C:\Program Files\JetBrains\IntelliJ IDEA 2024.1.1\plugins\DatabaseTools\lib\jdbc-console.jar;C:\Program Files\JetBrains\IntelliJ IDEA 2024.1.1\plugins\grid-core-impl\lib\jdbc-console-types.jar;C:\Program Files\JetBrains\IntelliJ IDEA 2024.1.1\lib\util.jar
Launcher Type: SUN_STANDARD

[Global flags]
     intx CICompilerCount                          = 12                                        {product} {ergonomic}
     uint ConcGCThreads                            = 3                                         {product} {ergonomic}
     uint G1ConcRefinementThreads                  = 13                                        {product} {ergonomic}
   size_t G1HeapRegionSize                         = 1048576                                   {product} {ergonomic}
    uintx GCDrainStackTargetSize                   = 64                                        {product} {ergonomic}
   size_t InitialHeapSize                          = 134217728                                 {product} {command line}
   size_t MarkStackSize                            = 4194304                                   {product} {ergonomic}
   size_t MaxHeapSize                              = 2147483648                                {product} {command line}
   size_t MaxNewSize                               = 1287651328                                {product} {ergonomic}
   size_t MinHeapDeltaBytes                        = 1048576                                   {product} {ergonomic}
   size_t MinHeapSize                              = 134217728                                 {product} {command line}
    uintx NonNMethodCodeHeapSize                   = 7602480                                {pd product} {ergonomic}
    uintx NonProfiledCodeHeapSize                  = 122027880                              {pd product} {ergonomic}
    uintx ProfiledCodeHeapSize                     = 122027880                              {pd product} {ergonomic}
    uintx ReservedCodeCacheSize                    = 251658240                              {pd product} {ergonomic}
     bool SegmentedCodeCache                       = true                                      {product} {ergonomic}
   size_t SoftMaxHeapSize                          = 2147483648                             {manageable} {ergonomic}
     bool UseCompressedClassPointers               = true                           {product lp64_product} {ergonomic}
     bool UseCompressedOops                        = true                           {product lp64_product} {ergonomic}
     bool UseG1GC                                  = true                                      {product} {ergonomic}
     bool UseLargePagesIndividualAllocation        = false                                  {pd product} {ergonomic}

Logging:
Log output configuration:
 #0: stdout all=warning uptime,level,tags
 #1: stderr all=off uptime,level,tags

Environment Variables:
JAVA_HOME=C:\workspace\jdk-23_windows-x64_bin\jdk-23
PATH=C:\Program Files\Common Files\Oracle\Java\javapath;C:\oraclexe\app\oracle\product\11.2.0\server\bin;C:\WINDOWS\system32;C:\WINDOWS;C:\WINDOWS\System32\Wbem;C:\WINDOWS\System32\WindowsPowerShell\v1.0\;C:\WINDOWS\System32\OpenSSH\;C:\msys64\mingw64\bin;C:\Program Files\dotnet\;C:\Program Files\Microsoft SQL Server\150\Tools\Binn\;C:\Program Files\Microsoft SQL Server\Client SDK\ODBC\170\Tools\Binn\;C:\workspace\apache-maven-3.9.9-bin\apache-maven-3.9.9\bin;C:\workspace\jdk-23_windows-x64_bin\jdk-23\bin;C:\Program Files\Git\cmd;C:\Program Files\AutoFirma\AutoFirma;C:\Users\angel\AppData\Local\Microsoft\WindowsApps;C:\Users\angel\AppData\Local\Programs\Microsoft VS Code\bin;C:\Users\angel\AppData\Local\GitHubDesktop\bin;C:\Program Files\JetBrains\IntelliJ IDEA 2024.1\bin;;C:\Users\angel\.dotnet\tools;C:\workspace\apache-maven-3.9.9-bin\apache-maven-3.9.9\bin;C:\workspace\jdk-23_windows-x64_bin\jdk-23\bin;
USERNAME=angel
OS=Windows_NT
PROCESSOR_IDENTIFIER=Intel64 Family 6 Model 154 Stepping 3, GenuineIntel
TMP=C:\Users\angel\AppData\Local\Temp
TEMP=C:\Users\angel\AppData\Local\Temp



Periodic native trim disabled

JNI global refs:
JNI global refs: 25, weak refs: 0

JNI global refs memory usage: 843, weak refs: 841

OOME stack traces (most recent first):
Classloader memory used:
Loader bootstrap                                                                       : 1899K
Loader com.intellij.database.remote.jdbc.impl.JdbcClassLoader$JdbcClassLoaderImpl      : 291K
Loader jdk.internal.loader.ClassLoaders$AppClassLoader                                 : 147K
Loader jdk.internal.loader.ClassLoaders$PlatformClassLoader                            : 38283B
Loader jdk.internal.reflect.DelegatingClassLoader                                      : 9615B
Loader com.intellij.database.remote.jdbc.impl.JdbcClassLoader$1                        : 896B


---------------  S Y S T E M  ---------------

OS:
 Windows 11 , 64 bit Build 22621 (10.0.22621.3958)
OS uptime: 3 days 1:02 hours
Hyper-V role detected

CPU: total 16 (initial active 16) (8 cores per cpu, 2 threads per core) family 6 model 154 stepping 3 microcode 0x429, cx8, cmov, fxsr, ht, mmx, 3dnowpref, sse, sse2, sse3, ssse3, sse4.1, sse4.2, popcnt, lzcnt, tsc, tscinvbit, avx, avx2, aes, erms, clmul, bmi1, bmi2, adx, sha, fma, vzeroupper, clflush, clflushopt, clwb, hv
Processor Information for processor 0
  Max Mhz: 2300, Current Mhz: 2300, Mhz Limit: 2300
Processor Information for processor 1
  Max Mhz: 2300, Current Mhz: 1506, Mhz Limit: 2300
Processor Information for processor 2
  Max Mhz: 2300, Current Mhz: 1506, Mhz Limit: 2300
Processor Information for processor 3
  Max Mhz: 2300, Current Mhz: 1506, Mhz Limit: 2300
Processor Information for processor 4
  Max Mhz: 2300, Current Mhz: 2300, Mhz Limit: 2300
Processor Information for processor 5
  Max Mhz: 2300, Current Mhz: 2300, Mhz Limit: 2300
Processor Information for processor 6
  Max Mhz: 2300, Current Mhz: 2300, Mhz Limit: 2300
Processor Information for processor 7
  Max Mhz: 2300, Current Mhz: 2300, Mhz Limit: 2300
Processor Information for processor 8
  Max Mhz: 2300, Current Mhz: 1506, Mhz Limit: 2300
Processor Information for processor 9
  Max Mhz: 2300, Current Mhz: 2300, Mhz Limit: 2300
Processor Information for processor 10
  Max Mhz: 2300, Current Mhz: 1506, Mhz Limit: 2300
Processor Information for processor 11
  Max Mhz: 2300, Current Mhz: 2300, Mhz Limit: 2300
Processor Information for processor 12
  Max Mhz: 2300, Current Mhz: 1488, Mhz Limit: 2300
Processor Information for processor 13
  Max Mhz: 2300, Current Mhz: 1488, Mhz Limit: 2300
Processor Information for processor 14
  Max Mhz: 2300, Current Mhz: 1488, Mhz Limit: 2300
Processor Information for processor 15
  Max Mhz: 2300, Current Mhz: 1488, Mhz Limit: 2300

Memory: 4k page, system-wide physical 16004M (5175M free)
TotalPageFile size 64150M (AvailPageFile size 1M)
current process WorkingSet (physical memory assigned to process): 104M, peak: 104M
current process commit charge ("private bytes"): 255M, peak: 256M

vm_info: OpenJDK 64-Bit Server VM (17.0.10+1-b1207.14) for windows-amd64 JRE (17.0.10+1-b1207.14), built on 2024-04-05 by "builduser" with MS VC++ 16.10 / 16.11 (VS2019)

END.
