#
# There is insufficient memory for the Java Runtime Environment to continue.
# Native memory allocation (mmap) failed to map 264241152 bytes. Error detail: G1 virtual space
# Possible reasons:
#   The system is out of physical RAM or swap space
#   This process is running with CompressedOops enabled, and the Java Heap may be blocking the growth of the native heap
# Possible solutions:
#   Reduce memory load on the system
#   Increase physical memory or swap space
#   Check if swap backing store is full
#   Decrease Java heap size (-Xmx/-Xms)
#   Decrease number of Java threads
#   Decrease Java thread stack sizes (-Xss)
#   Set larger code cache with -XX:ReservedCodeCacheSize=
#   JVM is running with Zero Based Compressed Oops mode in which the Java heap is
#     placed in the first 32GB address space. The Java Heap base address is the
#     maximum limit for the native heap growth. Please use -XX:HeapBaseMinAddress
#     to set the Java Heap base and to place the Java Heap above 32GB virtual address.
# This output file may be truncated or incomplete.
#
#  Out of Memory Error (os_windows.cpp:3703), pid=10376, tid=21232
#
# JRE version:  (23.0+37) (build )
# Java VM: Java HotSpot(TM) 64-Bit Server VM (23+37-2369, mixed mode, sharing, tiered, compressed oops, compressed class ptrs, g1 gc, windows-amd64)
# No core dump will be written. Minidumps are not enabled by default on client versions of Windows
#

---------------  S U M M A R Y ------------

Command Line: -Dmaven.multiModuleProjectDirectory=C:\Users\angel\OneDrive - Universidad de Castilla-La Mancha\TERCER CURSO\ISO II\IDE\NextGenSoftware\RepartoDomicilio -Djansi.passthrough=true -Dmaven.home=C:\Users\angel\.m2\wrapper\dists\apache-maven-3.9.9-bin\4nf9hui3q3djbarqar9g711ggc\apache-maven-3.9.9 -Dclassworlds.conf=C:\Users\angel\.m2\wrapper\dists\apache-maven-3.9.9-bin\4nf9hui3q3djbarqar9g711ggc\apache-maven-3.9.9\bin\m2.conf -Dmaven.ext.class.path=C:\Program Files\JetBrains\IntelliJ IDEA 2024.1.1\plugins\maven\lib\maven-event-listener.jar -javaagent:C:\Program Files\JetBrains\IntelliJ IDEA 2024.1.1\lib\idea_rt.jar=53436:C:\Program Files\JetBrains\IntelliJ IDEA 2024.1.1\bin -Dfile.encoding=UTF-8 -Dsun.stdout.encoding=UTF-8 -Dsun.stderr.encoding=UTF-8 org.codehaus.classworlds.Launcher -Didea.version=2024.1.1 spring-boot:run

Host: 12th Gen Intel(R) Core(TM) i7-12650H, 16 cores, 15G,  Windows 11 , 64 bit Build 22621 (10.0.22621.3958)
Time: Fri Oct 11 23:16:35 2024 Hora de verano romance elapsed time: 0.016386 seconds (0d 0h 0m 0s)

---------------  T H R E A D  ---------------

Current thread (0x000001af40b0fc30):  JavaThread "Unknown thread" [_thread_in_vm, id=21232, stack(0x00000018f2e00000,0x00000018f2f00000) (1024K)]

Stack: [0x00000018f2e00000,0x00000018f2f00000]
Native frames: (J=compiled Java code, j=interpreted, Vv=VM code, C=native code)
V  [jvm.dll+0x6e08a9]  (no source info available)
V  [jvm.dll+0x87da63]  (no source info available)
V  [jvm.dll+0x87feee]  (no source info available)
V  [jvm.dll+0x8805c3]  (no source info available)
V  [jvm.dll+0x27aee6]  (no source info available)
V  [jvm.dll+0x6dd1b5]  (no source info available)
V  [jvm.dll+0x6d103a]  (no source info available)
V  [jvm.dll+0x35b3ea]  (no source info available)
V  [jvm.dll+0x3637f6]  (no source info available)
V  [jvm.dll+0x34fd5e]  (no source info available)
V  [jvm.dll+0x34fff8]  (no source info available)
V  [jvm.dll+0x3289cc]  (no source info available)
V  [jvm.dll+0x32966e]  (no source info available)
V  [jvm.dll+0x8442e5]  (no source info available)
V  [jvm.dll+0x3b9848]  (no source info available)
V  [jvm.dll+0x82d0dc]  (no source info available)
V  [jvm.dll+0x454d4e]  (no source info available)
V  [jvm.dll+0x456bd1]  (no source info available)
C  [jli.dll+0x52a3]  (no source info available)
C  [ucrtbase.dll+0x29333]  (no source info available)
C  [KERNEL32.DLL+0x1257d]  (no source info available)
C  [ntdll.dll+0x5af08]  (no source info available)

Lock stack of current Java thread (top to bottom):


---------------  P R O C E S S  ---------------

Threads class SMR info:
_java_thread_list=0x00007ff808453618, length=0, elements={
}

Java Threads: ( => current thread )
Total: 0

Other Threads:
  0x000001af40b77a40 WorkerThread "GC Thread#0"                     [id=11124, stack(0x00000018f2f00000,0x00000018f3000000) (1024K)]
  0x000001af40b8c3e0 ConcurrentGCThread "G1 Main Marker"            [id=21164, stack(0x00000018f3000000,0x00000018f3100000) (1024K)]
  0x000001af40b8ce00 WorkerThread "G1 Conc#0"                       [id=18552, stack(0x00000018f3100000,0x00000018f3200000) (1024K)]

[error occurred during error reporting (printing all threads), id 0xc0000005, EXCEPTION_ACCESS_VIOLATION (0xc0000005) at pc=0x00007ff807b9bfba]
VM state: not at safepoint (not fully initialized)

VM Mutex/Monitor currently owned by a thread:  ([mutex/lock_event])
[0x00007ff8084d3a10] Heap_lock - owner thread: 0x000001af40b0fc30

Heap address: 0x0000000705e00000, size: 4002 MB, Compressed Oops mode: Zero based, Oop shift amount: 3

CDS archive(s) mapped at: [0x0000000000000000-0x0000000000000000-0x0000000000000000), size 0, SharedBaseAddress: 0x0000000800000000, ArchiveRelocationMode: 1.
Narrow klass base: 0x0000000000000000, Narrow klass shift: 0, Narrow klass range: 0x0

GC Precious Log:
 CardTable entry size: 512
 Card Set container configuration: InlinePtr #cards 4 size 8 Array Of Cards #cards 16 size 48 Howl #buckets 8 coarsen threshold 3686 Howl Bitmap #cards 512 size 80 coarsen threshold 460 Card regions per heap region 1 cards per card region 4096

Heap:
 garbage-first heap   total reserved 4098048K, committed 0K, used 0K [0x0000000705e00000, 0x0000000800000000)
  region size 2048K, 0 young (0K), 0 survivors (0K)

[error occurred during error reporting (printing heap information), id 0xc0000005, EXCEPTION_ACCESS_VIOLATION (0xc0000005) at pc=0x00007ff807f9c3b9]
GC Heap History (0 events):
No events

Dll operation events (1 events):
Event: 0.012 Loaded shared library C:\Program Files\Java\jdk-23\bin\java.dll

Deoptimization events (0 events):
No events

Classes loaded (0 events):
No events

Classes unloaded (0 events):
No events

Classes redefined (0 events):
No events

Internal exceptions (0 events):
No events

VM Operations (0 events):
No events

Memory protections (0 events):
No events

Nmethod flushes (0 events):
No events

Events (0 events):
No events


Dynamic libraries:
0x00007ff777330000 - 0x00007ff777340000 	C:\Program Files\Java\jdk-23\bin\java.exe
0x00007ff85f730000 - 0x00007ff85f947000 	C:\WINDOWS\SYSTEM32\ntdll.dll
0x00007ff85ea00000 - 0x00007ff85eac4000 	C:\WINDOWS\System32\KERNEL32.DLL
0x00007ff85cd20000 - 0x00007ff85d0d7000 	C:\WINDOWS\System32\KERNELBASE.dll
0x00007ff85d340000 - 0x00007ff85d451000 	C:\WINDOWS\System32\ucrtbase.dll
0x00007ff853260000 - 0x00007ff853277000 	C:\Program Files\Java\jdk-23\bin\jli.dll
0x00007ff85e7d0000 - 0x00007ff85e97f000 	C:\WINDOWS\System32\USER32.dll
0x00007ff853240000 - 0x00007ff85325b000 	C:\Program Files\Java\jdk-23\bin\VCRUNTIME140.dll
0x00007ff85d150000 - 0x00007ff85d176000 	C:\WINDOWS\System32\win32u.dll
0x00007ff8466f0000 - 0x00007ff846983000 	C:\WINDOWS\WinSxS\amd64_microsoft.windows.common-controls_6595b64144ccf1df_6.0.22621.3672_none_2713b9d173822955\COMCTL32.dll
0x00007ff85f6c0000 - 0x00007ff85f6e9000 	C:\WINDOWS\System32\GDI32.dll
0x00007ff85f200000 - 0x00007ff85f2a7000 	C:\WINDOWS\System32\msvcrt.dll
0x00007ff85d180000 - 0x00007ff85d298000 	C:\WINDOWS\System32\gdi32full.dll
0x00007ff85d2a0000 - 0x00007ff85d33a000 	C:\WINDOWS\System32\msvcp_win.dll
0x00007ff85e790000 - 0x00007ff85e7c1000 	C:\WINDOWS\System32\IMM32.DLL
0x00007ff8584c0000 - 0x00007ff8584cc000 	C:\Program Files\Java\jdk-23\bin\vcruntime140_1.dll
0x00007ff8531b0000 - 0x00007ff85323e000 	C:\Program Files\Java\jdk-23\bin\msvcp140.dll
0x00007ff807860000 - 0x00007ff8085af000 	C:\Program Files\Java\jdk-23\bin\server\jvm.dll
0x00007ff85e520000 - 0x00007ff85e5d2000 	C:\WINDOWS\System32\ADVAPI32.dll
0x00007ff85dd30000 - 0x00007ff85ddd8000 	C:\WINDOWS\System32\sechost.dll
0x00007ff85ccf0000 - 0x00007ff85cd18000 	C:\WINDOWS\System32\bcrypt.dll
0x00007ff85e1c0000 - 0x00007ff85e2d4000 	C:\WINDOWS\System32\RPCRT4.dll
0x00007ff85ead0000 - 0x00007ff85eb41000 	C:\WINDOWS\System32\WS2_32.dll
0x00007ff85b8b0000 - 0x00007ff85b8fd000 	C:\WINDOWS\SYSTEM32\POWRPROF.dll
0x00007ff855680000 - 0x00007ff8556b4000 	C:\WINDOWS\SYSTEM32\WINMM.dll
0x00007ff854aa0000 - 0x00007ff854aaa000 	C:\WINDOWS\SYSTEM32\VERSION.dll
0x00007ff85b890000 - 0x00007ff85b8a3000 	C:\WINDOWS\SYSTEM32\UMPDC.dll
0x00007ff85bb40000 - 0x00007ff85bb58000 	C:\WINDOWS\SYSTEM32\kernel.appcore.dll
0x00007ff8531a0000 - 0x00007ff8531aa000 	C:\Program Files\Java\jdk-23\bin\jimage.dll
0x00007ff85a260000 - 0x00007ff85a492000 	C:\WINDOWS\SYSTEM32\DBGHELP.DLL
0x00007ff85dde0000 - 0x00007ff85e16e000 	C:\WINDOWS\System32\combase.dll
0x00007ff85f2b0000 - 0x00007ff85f387000 	C:\WINDOWS\System32\OLEAUT32.dll
0x00007ff84e8c0000 - 0x00007ff84e8f2000 	C:\WINDOWS\SYSTEM32\dbgcore.DLL
0x00007ff85cb00000 - 0x00007ff85cb7b000 	C:\WINDOWS\System32\bcryptPrimitives.dll
0x00007ff853190000 - 0x00007ff85319f000 	C:\Program Files\Java\jdk-23\bin\instrument.dll
0x00007ff853170000 - 0x00007ff85318e000 	C:\Program Files\Java\jdk-23\bin\java.dll
0x00007ff85e5e0000 - 0x00007ff85e785000 	C:\WINDOWS\System32\ole32.dll
0x00007ff85d460000 - 0x00007ff85dcc9000 	C:\WINDOWS\System32\SHELL32.dll

dbghelp: loaded successfully - version: 4.0.5 - missing functions: none
symbol engine: initialized successfully - sym options: 0x614 - pdb path: .;C:\Program Files\Java\jdk-23\bin;C:\WINDOWS\SYSTEM32;C:\WINDOWS\WinSxS\amd64_microsoft.windows.common-controls_6595b64144ccf1df_6.0.22621.3672_none_2713b9d173822955;C:\Program Files\Java\jdk-23\bin\server

VM Arguments:
jvm_args: -Dmaven.multiModuleProjectDirectory=C:\Users\angel\OneDrive - Universidad de Castilla-La Mancha\TERCER CURSO\ISO II\IDE\NextGenSoftware\RepartoDomicilio -Djansi.passthrough=true -Dmaven.home=C:\Users\angel\.m2\wrapper\dists\apache-maven-3.9.9-bin\4nf9hui3q3djbarqar9g711ggc\apache-maven-3.9.9 -Dclassworlds.conf=C:\Users\angel\.m2\wrapper\dists\apache-maven-3.9.9-bin\4nf9hui3q3djbarqar9g711ggc\apache-maven-3.9.9\bin\m2.conf -Dmaven.ext.class.path=C:\Program Files\JetBrains\IntelliJ IDEA 2024.1.1\plugins\maven\lib\maven-event-listener.jar -javaagent:C:\Program Files\JetBrains\IntelliJ IDEA 2024.1.1\lib\idea_rt.jar=53436:C:\Program Files\JetBrains\IntelliJ IDEA 2024.1.1\bin -Dfile.encoding=UTF-8 -Dsun.stdout.encoding=UTF-8 -Dsun.stderr.encoding=UTF-8 
java_command: org.codehaus.classworlds.Launcher -Didea.version=2024.1.1 spring-boot:run
java_class_path (initial): C:\Users\angel\.m2\wrapper\dists\apache-maven-3.9.9-bin\4nf9hui3q3djbarqar9g711ggc\apache-maven-3.9.9\boot\plexus-classworlds-2.8.0.jar;C:\Users\angel\.m2\wrapper\dists\apache-maven-3.9.9-bin\4nf9hui3q3djbarqar9g711ggc\apache-maven-3.9.9\boot\plexus-classworlds.license
Launcher Type: SUN_STANDARD

[Global flags]
     intx CICompilerCount                          = 12                                        {product} {ergonomic}
     uint ConcGCThreads                            = 3                                         {product} {ergonomic}
     uint G1ConcRefinementThreads                  = 13                                        {product} {ergonomic}
   size_t G1HeapRegionSize                         = 2097152                                   {product} {ergonomic}
   size_t InitialHeapSize                          = 264241152                                 {product} {ergonomic}
   size_t MarkStackSize                            = 4194304                                   {product} {ergonomic}
   size_t MarkStackSizeMax                         = 536870912                                 {product} {ergonomic}
   size_t MaxHeapSize                              = 4196401152                                {product} {ergonomic}
   size_t MinHeapDeltaBytes                        = 2097152                                   {product} {ergonomic}
   size_t MinHeapSize                              = 8388608                                   {product} {ergonomic}
    uintx NonNMethodCodeHeapSize                   = 7602176                                {pd product} {ergonomic}
    uintx NonProfiledCodeHeapSize                  = 122093568                              {pd product} {ergonomic}
    uintx ProfiledCodeHeapSize                     = 121962496                              {pd product} {ergonomic}
    uintx ReservedCodeCacheSize                    = 251658240                              {pd product} {ergonomic}
     bool SegmentedCodeCache                       = true                                      {product} {ergonomic}
   size_t SoftMaxHeapSize                          = 4196401152                             {manageable} {ergonomic}
     bool UseCompressedOops                        = true                           {product lp64_product} {ergonomic}
     bool UseG1GC                                  = true                                      {product} {ergonomic}
     bool UseLargePagesIndividualAllocation        = false                                  {pd product} {ergonomic}

Logging:
Log output configuration:
 #0: stdout all=warning uptime,level,tags foldmultilines=false
 #1: stderr all=off uptime,level,tags foldmultilines=false

Environment Variables:
JAVA_HOME=C:\workspace\jdk-23_windows-x64_bin\jdk-23
PATH=C:\Program Files\Common Files\Oracle\Java\javapath;C:\oraclexe\app\oracle\product\11.2.0\server\bin;C:\WINDOWS\system32;C:\WINDOWS;C:\WINDOWS\System32\Wbem;C:\WINDOWS\System32\WindowsPowerShell\v1.0\;C:\WINDOWS\System32\OpenSSH\;C:\msys64\mingw64\bin;C:\Program Files\dotnet\;C:\Program Files\Microsoft SQL Server\150\Tools\Binn\;C:\Program Files\Microsoft SQL Server\Client SDK\ODBC\170\Tools\Binn\;C:\workspace\apache-maven-3.9.9-bin\apache-maven-3.9.9\bin;C:\workspace\jdk-23_windows-x64_bin\jdk-23\bin;C:\Program Files\Git\cmd;C:\Program Files\AutoFirma\AutoFirma;C:\Users\angel\AppData\Local\Microsoft\WindowsApps;C:\Users\angel\AppData\Local\Programs\Microsoft VS Code\bin;C:\Users\angel\AppData\Local\GitHubDesktop\bin;C:\Program Files\JetBrains\IntelliJ IDEA 2024.1\bin;;C:\Users\angel\.dotnet\tools;C:\workspace\apache-maven-3.9.9-bin\apache-maven-3.9.9\bin;C:\workspace\jdk-23_windows-x64_bin\jdk-23\bin;
USERNAME=angel
OS=Windows_NT
PROCESSOR_IDENTIFIER=Intel64 Family 6 Model 154 Stepping 3, GenuineIntel
TMP=C:\Users\angel\AppData\Local\Temp
TEMP=C:\Users\angel\AppData\Local\Temp




Periodic native trim disabled

---------------  S Y S T E M  ---------------

OS:
 Windows 11 , 64 bit Build 22621 (10.0.22621.3958)
OS uptime: 0 days 12:21 hours
Hyper-V role detected

CPU: total 16 (initial active 16) (8 cores per cpu, 2 threads per core) family 6 model 154 stepping 3 microcode 0x429, cx8, cmov, fxsr, ht, mmx, 3dnowpref, sse, sse2, sse3, ssse3, sse4.1, sse4.2, popcnt, lzcnt, tsc, tscinvbit, avx, avx2, aes, erms, clmul, bmi1, bmi2, adx, sha, fma, vzeroupper, clflush, clflushopt, clwb, hv, serialize, rdtscp, rdpid, fsrm, gfni, f16c, cet_ibt, cet_ss
Processor Information for processor 0
  Max Mhz: 2300, Current Mhz: 1506, Mhz Limit: 2300
Processor Information for processor 1
  Max Mhz: 2300, Current Mhz: 2300, Mhz Limit: 2300
Processor Information for processor 2
  Max Mhz: 2300, Current Mhz: 1506, Mhz Limit: 2300
Processor Information for processor 3
  Max Mhz: 2300, Current Mhz: 2300, Mhz Limit: 2300
Processor Information for processor 4
  Max Mhz: 2300, Current Mhz: 2300, Mhz Limit: 2300
Processor Information for processor 5
  Max Mhz: 2300, Current Mhz: 2300, Mhz Limit: 2300
Processor Information for processor 6
  Max Mhz: 2300, Current Mhz: 2300, Mhz Limit: 2300
Processor Information for processor 7
  Max Mhz: 2300, Current Mhz: 2300, Mhz Limit: 2300
Processor Information for processor 8
  Max Mhz: 2300, Current Mhz: 1506, Mhz Limit: 2300
Processor Information for processor 9
  Max Mhz: 2300, Current Mhz: 2300, Mhz Limit: 2300
Processor Information for processor 10
  Max Mhz: 2300, Current Mhz: 2300, Mhz Limit: 2300
Processor Information for processor 11
  Max Mhz: 2300, Current Mhz: 2300, Mhz Limit: 2300
Processor Information for processor 12
  Max Mhz: 2300, Current Mhz: 1488, Mhz Limit: 2300
Processor Information for processor 13
  Max Mhz: 2300, Current Mhz: 1488, Mhz Limit: 2300
Processor Information for processor 14
  Max Mhz: 2300, Current Mhz: 1488, Mhz Limit: 2300
Processor Information for processor 15
  Max Mhz: 2300, Current Mhz: 1488, Mhz Limit: 2300

Memory: 4k page, system-wide physical 16004M (5496M free)
TotalPageFile size 64150M (AvailPageFile size 30M)
current process WorkingSet (physical memory assigned to process): 12M, peak: 12M
current process commit charge ("private bytes"): 71M, peak: 323M

vm_info: Java HotSpot(TM) 64-Bit Server VM (23+37-2369) for windows-amd64 JRE (23+37-2369), built on 2024-08-20T16:01:23Z with MS VC++ 17.6 (VS2022)

END.
